<?xml version="1.0" encoding="UTF-8" ?>
<testsuite tests="46" failures="1" name="AmazonTest" time="206.721" errors="0" skipped="0">
  <properties>
[...]
</properties>
  <testcase classname="AmazonTest" name="testAlexaSkills" time="2.34"/>
  <testcase classname="AmazonTest" name="testBrowserTitle" time="1.214"/>
  <testcase classname="AmazonTest" name="testCategories" time="1.104"/>
  <testcase classname="AmazonTest" name="testCategoryAlexa" time="3.76"/>
  <testcase classname="AmazonTest" name="testCategoryDropdown" time="1.268"/>
  <testcase classname="AmazonTest" name="testCategoryGames" time="3.498"/>
  <testcase classname="AmazonTest" name="testClicktryprime" time="2.181"/>
  <testcase classname="AmazonTest" name="testClothingshoes" time="3.124"/>
  <testcase classname="AmazonTest" name="testDisplayArtsAutomotive" time="3.65"/>
  <testcase classname="AmazonTest" name="testDisplayAutomotiveParts" time="3.365"/>
  <testcase classname="AmazonTest" name="testDisplayBabyFashion" time="3.739"/>
  <testcase classname="AmazonTest" name="testDisplayBeautyPersonal" time="5.201"/>
  <testcase classname="AmazonTest" name="testDisplayBooks" time="4.123"/>
  <testcase classname="AmazonTest" name="testDisplayCd" time="3.484"/>
  <testcase classname="AmazonTest" name="testDisplayComputers" time="4.795"/>
  <testcase classname="AmazonTest" name="testDisplayCourses" time="2.994"/>
  <testcase classname="AmazonTest" name="testDisplayCredit" time="2.685"/>
  <testcase classname="AmazonTest" name="testDisplayDigitalMusic" time="3.293"/>
  <testcase classname="AmazonTest" name="testDisplayElectronics" time="4.056"/>
  <testcase classname="AmazonTest" name="testDisplayGarden" time="3.88"/>
  <testcase classname="AmazonTest" name="testDisplayGiftCard" time="3.125"/>
  <testcase classname="AmazonTest" name="testDisplayGrocery" time="3.738"/>
  <testcase classname="AmazonTest" name="testDisplayHealth" time="3.456"/>
  <testcase classname="AmazonTest" name="testDisplayKindle" time="4.41"/>
  <testcase classname="AmazonTest" name="testDisplayMovies" time="3.5"/>
  <testcase classname="AmazonTest" name="testDisplayamazonFresh" time="3.774"/>
  <testcase classname="AmazonTest" name="testDisplaybag" time="5.795"/>
  <testcase classname="AmazonTest" name="testDisplayfineart" time="5.54"/>
  <testcase classname="AmazonTest" name="testOpenbrowser" time="0.842"/>
  <testcase classname="AmazonTest" name="testRecommendationsforyou" time="6.535"/>
  <testcase classname="AmazonTest" name="testSearchbar" time="9.314"/>
  <testcase classname="AmazonTest" name="testSearchitem" time="2.711"/>
  <testcase classname="AmazonTest" name="testSearchitemsrefresh" time="2.929"/>
  <testcase classname="AmazonTest" name="testSelectgrid" time="2.945"/>
  <testcase classname="AmazonTest" name="testSelectgridSelectprime" time="1.53"/>
  <testcase classname="AmazonTest" name="testSignin" time="31.894">
    <failure message="no such element: Unable to locate element: {&quot;method&quot;:&quot;css selector&quot;,&quot;selector&quot;:&quot;#ap_email&quot;}
  (Session info: chrome=72.0.3626.121)
  (Driver info: chromedriver=2.46.628411 (3324f4c8be9ff2f70a05a30ebc72ffb013e1a71e),platform=Mac OS X 10.14.3 x86_64) (WARNING: The server did not provide any stacktrace information)
Command duration or timeout: 30.09 seconds
For documentation on this error, please visit: http://seleniumhq.org/exceptions/no_such_element.html
Build info: version: &apos;3.4.0&apos;, revision: &apos;unknown&apos;, time: &apos;unknown&apos;
System info: host: &apos;MacBook-Pro.fios-router.home&apos;, ip: &apos;fe80:0:0:0:14c9:3b2c:4db8:85ea%en0&apos;, os.name: &apos;Mac OS X&apos;, os.arch: &apos;x86_64&apos;, os.version: &apos;10.14.3&apos;, java.version: &apos;1.8.0_202&apos;
Driver info: org.openqa.selenium.chrome.ChromeDriver
Capabilities [{mobileEmulationEnabled=false, timeouts={implicit=0.0, pageLoad=300000.0, script=30000.0}, hasTouchScreen=false, platform=MAC, acceptSslCerts=false, goog:chromeOptions={debuggerAddress=localhost:56827}, acceptInsecureCerts=false, webStorageEnabled=true, browserName=chrome, takesScreenshot=true, javascriptEnabled=true, setWindowRect=true, unexpectedAlertBehaviour=ignore, applicationCacheEnabled=false, rotatable=false, networkConnectionEnabled=false, chrome={chromedriverVersion=2.46.628411 (3324f4c8be9ff2f70a05a30ebc72ffb013e1a71e), userDataDir=/var/folders/tv/k44ynnrn7_db__2ytmglr01h0000gn/T/.org.chromium.Chromium.4eeQq1}, takesHeapSnapshot=true, pageLoadStrategy=normal, strictFileInteractability=false, databaseEnabled=false, handlesAlerts=true, version=72.0.3626.121, browserConnectionEnabled=false, proxy=Proxy(), nativeEvents=true, locationContextEnabled=true, cssSelectorsEnabled=true}]
Session ID: a80e298e14ed1158834f019861fd4788
*** Element info: {Using=css selector, value=#ap_email}" type="org.openqa.selenium.NoSuchElementException">org.openqa.selenium.NoSuchElementException: no such element: Unable to locate element: {&quot;method&quot;:&quot;css selector&quot;,&quot;selector&quot;:&quot;#ap_email&quot;}
  (Session info: chrome=72.0.3626.121)
  (Driver info: chromedriver=2.46.628411 (3324f4c8be9ff2f70a05a30ebc72ffb013e1a71e),platform=Mac OS X 10.14.3 x86_64) (WARNING: The server did not provide any stacktrace information)
Command duration or timeout: 30.09 seconds
For documentation on this error, please visit: http://seleniumhq.org/exceptions/no_such_element.html
Build info: version: &apos;3.4.0&apos;, revision: &apos;unknown&apos;, time: &apos;unknown&apos;
System info: host: &apos;MacBook-Pro.fios-router.home&apos;, ip: &apos;fe80:0:0:0:14c9:3b2c:4db8:85ea%en0&apos;, os.name: &apos;Mac OS X&apos;, os.arch: &apos;x86_64&apos;, os.version: &apos;10.14.3&apos;, java.version: &apos;1.8.0_202&apos;
Driver info: org.openqa.selenium.chrome.ChromeDriver
Capabilities [{mobileEmulationEnabled=false, timeouts={implicit=0.0, pageLoad=300000.0, script=30000.0}, hasTouchScreen=false, platform=MAC, acceptSslCerts=false, goog:chromeOptions={debuggerAddress=localhost:56827}, acceptInsecureCerts=false, webStorageEnabled=true, browserName=chrome, takesScreenshot=true, javascriptEnabled=true, setWindowRect=true, unexpectedAlertBehaviour=ignore, applicationCacheEnabled=false, rotatable=false, networkConnectionEnabled=false, chrome={chromedriverVersion=2.46.628411 (3324f4c8be9ff2f70a05a30ebc72ffb013e1a71e), userDataDir=/var/folders/tv/k44ynnrn7_db__2ytmglr01h0000gn/T/.org.chromium.Chromium.4eeQq1}, takesHeapSnapshot=true, pageLoadStrategy=normal, strictFileInteractability=false, databaseEnabled=false, handlesAlerts=true, version=72.0.3626.121, browserConnectionEnabled=false, proxy=Proxy(), nativeEvents=true, locationContextEnabled=true, cssSelectorsEnabled=true}]
Session ID: a80e298e14ed1158834f019861fd4788
*** Element info: {Using=css selector, value=#ap_email}
	at sun.reflect.NativeConstructorAccessorImpl.newInstance0(Native Method)
	at sun.reflect.NativeConstructorAccessorImpl.newInstance(NativeConstructorAccessorImpl.java:62)
	at sun.reflect.DelegatingConstructorAccessorImpl.newInstance(DelegatingConstructorAccessorImpl.java:45)
	at java.lang.reflect.Constructor.newInstance(Constructor.java:423)
	at org.openqa.selenium.remote.ErrorHandler.createThrowable(ErrorHandler.java:215)
	at org.openqa.selenium.remote.ErrorHandler.throwIfResponseFailed(ErrorHandler.java:167)
	at org.openqa.selenium.remote.RemoteWebDriver.execute(RemoteWebDriver.java:671)
	at org.openqa.selenium.remote.RemoteWebDriver.findElement(RemoteWebDriver.java:410)
	at org.openqa.selenium.remote.RemoteWebDriver.findElementByCssSelector(RemoteWebDriver.java:501)
	at org.openqa.selenium.By$ByCssSelector.findElement(By.java:430)
	at org.openqa.selenium.remote.RemoteWebDriver.findElement(RemoteWebDriver.java:402)
	at AmazonMain.Sigin(AmazonMain.java:22)
	at AmazonTest.testSignin(AmazonTest.java:12)
</failure>
  </testcase>
  <testcase classname="AmazonTest" name="testWarehousedeals" time="3.322"/>
  <testcase classname="AmazonTest" name="testcategorieBaby" time="3.755"/>
  <testcase classname="AmazonTest" name="testcategoryAppliances" time="3.441"/>
  <testcase classname="AmazonTest" name="testdeliverto" time="1.518"/>
  <testcase classname="AmazonTest" name="testgobackandforthSearch" time="4.254"/>
  <testcase classname="AmazonTest" name="testitemsofBoys" time="4.796"/>
  <testcase classname="AmazonTest" name="testitemsofGirls" time="7.427"/>
  <testcase classname="AmazonTest" name="testitemsofMen" time="8.191"/>
  <testcase classname="AmazonTest" name="testitemsofwomen" time="13.205"/>
  <testcase classname="AmazonTest" name="testsearchDifferentitems" time="1.02"/>
</testsuite>